
ROM used:   1172/8192 (14%)
            1172/8192 (14%) including unused fragments

            0.3 Average locations per line
            2.3 Average locations per statement

RAM used:   16/368 (4%) at main() level
            41/368 (11%) worst case

Stack used: 7 worst case (7 in main + 0 for interrupts)
Stack size: 8

Lines Stmts  %   Files
----- ----- ---  -----
  115   178  34  main.c
   10     0   0  main.h
  671     0   0  ..\..\..\..\..\..\Program Files (x86)\PICC\Devices\16F877A.h
 2229   257  50  ..\..\..\..\..\..\Program Files (x86)\PICC\Drivers\math.h
  456    84  16  ..\..\..\..\..\..\Program Files (x86)\PICC\Drivers\lcd.c
----- -----
 3481   519 Total

Page ROM  %  RAM   Vol Diff  Functions:
---- --- --- ---   --- ----  ----------
0     21   2    1             @delay_ms1
 Inline         3   596  5.9  lcd_read_byte
0      6   1    0    59  4.2  lcd_read_nibble
0     12   1    1   179  3.3  lcd_send_nibble
0     64   5    3   460  4.7  lcd_send_byte
0     62   5    6   814  7.2  lcd_init
0     18   2    4   208  6.3  lcd_gotoxy
0     44   4    1   354  4.7  lcd_putc
0    199  17    1  1172  6.3  sonuc_bul
0      6   1    0             @const807
0     86   7    4             @PSTRINGC7_789
0     79   7   13             @DIV3232
0    126  11   12             @PRINTF_L32D_789
0     21   2    5             @MUL1616
 Inline         5             @DIV1616
0      8   1    0  3979  4.9  @goto11192
0    341  29    2  4127  4.9  tus
0      3   0    0             @const838
0     72   6    0   280  2.3  MAIN
 Inline         0   280  2.3  @cinit1

Program metrics:
    Functions               12
    Statements              519
    Comments                497
    Volume (V)              17740
    Difficulty (D)          53.7
    Effort to implement (E) 952614
    Time to implement (T)   14 hours, 42 minutes
    Est Delivered Bugs (B)  3
    Cyclomatic Complexity   44
    Maintainability (MI)    45

 Segment     Used  Free
-----------  ----  ----
00000-00003     4  0  
00004-007FF  1168  876  
00800-00FFF     0  2048  
01000-017FF     0  2048  
01800-01FFF     0  2048  



