>>> Warning 208 "main.c" Line 22(5,14): Function not void and does not return a value  sonuc_bul
*** Error 1 "main.c" Line 76(1,2): Illegal C character in input file  0x80
*** Error 1 "main.c" Line 76(1,2): Illegal C character in input file  0x00
*** Error 1 "main.c" Line 76(1,2): Illegal C character in input file  0xF9
*** Error 1 "main.c" Line 76(2,3): Illegal C character in input file  0x00
*** Error 1 "main.c" Line 76(2,3): Illegal C character in input file  0x00
*** Error 1 "main.c" Line 76(2,3): Illegal C character in input file  0xFF
*** Error 1 "main.c" Line 76(2,3): Illegal C character in input file  0xFF
*** Error 1 "main.c" Line 76(2,3): Illegal C character in input file  0xFF
*** Error 1 "main.c" Line 76(2,3): Illegal C character in input file  0x00
*** Error 1 "main.c" Line 76(2,3): Illegal C character in input file  0x06
*** Error 1 "main.c" Line 76(2,3): Illegal C character in input file  0x00
*** Error 1 "main.c" Line 76(2,3): Illegal C character in input file  0x00
*** Error 1 "main.c" Line 76(2,3): Illegal C character in input file  0x00
*** Error 1 "main.c" Line 76(2,3): Illegal C character in input file  0x00
*** Error 1 "main.c" Line 76(2,3): Illegal C character in input file  0x00
*** Error 1 "main.c" Line 76(2,3): Illegal C character in input file  0x00
*** Error 1 "main.c" Line 76(2,3): Illegal C character in input file  0x00
*** Error 1 "main.c" Line 76(2,3): Illegal C character in input file  0x24
*** Error 1 "main.c" Line 76(2,3): Illegal C character in input file  0xEE
*** Error 76 "main.c" Line 76(2,3): Expect ;
*** Error 1 "main.c" Line 76(11,12): Illegal C character in input file  0xD7
*** Error 12 "main.c" Line 76(10,11): Undefined identifier   J
*** Error 1 "main.c" Line 76(12,13): Illegal C character in input file  0x10
*** Error 1 "main.c" Line 76(12,13): Illegal C character in input file  0xFB
*** Error 1 "main.c" Line 76(15,16): Illegal C character in input file  0xE5
*** Error 1 "main.c" Line 76(15,16): Illegal C character in input file  0x40
*** Error 1 "main.c" Line 76(15,16): Illegal C character in input file  0xEC
*** Error 1 "main.c" Line 76(15,16): Illegal C character in input file  0x07
*** Error 1 "main.c" Line 76(15,16): Illegal C character in input file  0x00
*** Error 1 "main.c" Line 76(15,16): Illegal C character in input file  0x00
*** Error 1 "main.c" Line 76(15,16): Illegal C character in input file  0xB0
*** Error 1 "main.c" Line 76(15,16): Illegal C character in input file  0xD7
*** Error 1 "main.c" Line 76(15,16): Illegal C character in input file  0x01
*** Error 1 "main.c" Line 76(15,16): Illegal C character in input file  0x00
*** Error 1 "main.c" Line 76(15,16): Illegal C character in input file  0x80
*** Error 1 "main.c" Line 76(15,16): Illegal C character in input file  0x00
*** Error 1 "main.c" Line 76(15,16): Illegal C character in input file  0x00
*** Error 1 "main.c" Line 76(15,16): Illegal C character in input file  0x00
*** Error 1 "main.c" Line 76(15,16): Illegal C character in input file  0x00
*** Error 1 "main.c" Line 76(15,16): Illegal C character in input file  0x00
*** Error 1 "main.c" Line 76(15,16): Illegal C character in input file  0x00
*** Error 1 "main.c" Line 76(15,16): Illegal C character in input file  0x00
*** Error 1 "main.c" Line 76(15,16): Illegal C character in input file  0x00
*** Error 1 "main.c" Line 76(15,16): Illegal C character in input file  0x00
*** Error 1 "main.c" Line 76(15,16): Illegal C character in input file  0x00
*** Error 1 "main.c" Line 76(15,16): Illegal C character in input file  0x00
*** Error 1 "main.c" Line 76(15,16): Illegal C character in input file  0x88
*** Error 1 "main.c" Line 76(15,16): Illegal C character in input file  0xE1
*** Error 1 "main.c" Line 76(15,16): Illegal C character in input file  0x03
*** Error 1 "main.c" Line 76(15,16): Illegal C character in input file  0x08
*** Error 1 "main.c" Line 76(15,16): Illegal C character in input file  0x40
*** Error 1 "main.c" Line 76(25,26): Illegal C character in input file  0xE0
*** Error 1 "main.c" Line 76(25,26): Illegal C character in input file  0x07
*** Error 1 "main.c" Line 76(25,26): Illegal C character in input file  0xD0
*** Error 1 "main.c" Line 76(28,29): Illegal C character in input file  0xE0
*** Error 1 "main.c" Line 76(28,29): Illegal C character in input file  0x07
*** Error 1 "main.c" Line 76(28,29): Illegal C character in input file  0x00
*** Error 1 "main.c" Line 76(28,29): Illegal C character in input file  0x00
*** Error 1 "main.c" Line 76(28,29): Illegal C character in input file  0x00
*** Error 1 "main.c" Line 76(28,29): Illegal C character in input file  0x00
*** Error 1 "main.c" Line 76(28,29): Illegal C character in input file  0x90
*** Error 1 "main.c" Line 76(31,32): Illegal C character in input file  0xE0
*** Error 1 "main.c" Line 76(31,32): Illegal C character in input file  0x07
*** Error 1 "main.c" Line 76(31,32): Illegal C character in input file  0x00
*** Error 1 "main.c" Line 76(31,32): Illegal C character in input file  0x00
*** Error 1 "main.c" Line 76(31,32): Illegal C character in input file  0x00
*** Error 1 "main.c" Line 76(31,32): Illegal C character in input file  0x00
*** Error 1 "main.c" Line 76(31,32): Illegal C character in input file  0x00
*** Error 1 "main.c" Line 76(31,32): Illegal C character in input file  0x00
*** Error 1 "main.c" Line 76(31,32): Illegal C character in input file  0x00
*** Error 1 "main.c" Line 76(31,32): Illegal C character in input file  0x00
*** Error 1 "main.c" Line 76(31,32): Illegal C character in input file  0x00
*** Error 1 "main.c" Line 76(31,32): Illegal C character in input file  0x00
*** Error 1 "main.c" Line 76(31,32): Illegal C character in input file  0x00
*** Error 1 "main.c" Line 76(31,32): Illegal C character in input file  0x00
*** Error 1 "main.c" Line 76(31,32): Illegal C character in input file  0x00
*** Error 1 "main.c" Line 76(31,32): Illegal C character in input file  0x00
*** Error 1 "main.c" Line 76(31,32): Illegal C character in input file  0x00
*** Error 1 "main.c" Line 76(31,32): Illegal C character in input file  0x00
*** Error 1 "main.c" Line 76(31,32): Illegal C character in input file  0x00
*** Error 1 "main.c" Line 76(31,32): Illegal C character in input file  0x00
*** Error 1 "main.c" Line 76(31,32): Illegal C character in input file  0x00
*** Error 1 "main.c" Line 76(31,32): Illegal C character in input file  0x00
*** Error 1 "main.c" Line 76(31,32): Illegal C character in input file  0x00
*** Error 1 "main.c" Line 76(31,32): Illegal C character in input file  0x00
*** Error 1 "main.c" Line 76(31,32): Illegal C character in input file  0x00
*** Error 1 "main.c" Line 76(31,32): Illegal C character in input file  0x00
*** Error 1 "main.c" Line 76(31,32): Illegal C character in input file  0x00
*** Error 1 "main.c" Line 76(31,32): Illegal C character in input file  0x00
*** Error 1 "main.c" Line 76(31,32): Illegal C character in input file  0x00
*** Error 1 "main.c" Line 76(31,32): Illegal C character in input file  0x00
*** Error 1 "main.c" Line 76(31,32): Illegal C character in input file  0x00
*** Error 1 "main.c" Line 76(31,32): Illegal C character in input file  0x00
*** Error 1 "main.c" Line 76(31,32): Illegal C character in input file  0x00
*** Error 1 "main.c" Line 76(31,32): Illegal C character in input file  0x00
*** Error 1 "main.c" Line 76(34,35): Illegal C character in input file  0x50 after \
*** Error 1 "main.c" Line 76(54,55): Illegal C character in input file  0x50 after \
*** Error 1 "main.c" Line 76(1,2): Illegal C character in input file  0x80
*** Error 1 "main.c" Line 76(1,2): Illegal C character in input file  0x00
*** Error 1 "main.c" Line 76(1,2): Illegal C character in input file  0xF9
*** Error 76 "main.c" Line 77(8,10): Expect ;
